生成启动时间为 2019/3/28 13:34:57。
     1>项目“G:\srdp\水平单层介质\水平单层介质\水平单层介质\水平单层介质.vcxproj”在节点 2 上(Build 个目标)。
     1>ClCompile:
         C:\Program Files (x86)\Microsoft Visual Studio 12.0\VC\bin\CL.exe /c /ZI /nologo /W3 /WX- /sdl /Od /Oy- /D _CRT_SECURE_NO_WARNINGS /D _UNICODE /D UNICODE /Gm /EHsc /RTC1 /MDd /GS /fp:precise /Zc:wchar_t /Zc:forScope /Fo"Debug\\" /Fd"Debug\vc120.pdb" /Gd /TP /analyze- /errorReport:prompt "源.cpp"
         源.cpp
     1>g:\srdp\水平单层介质\水平单层介质\水平单层介质\源.cpp(61): warning C4552: “+”: 运算符不起任何作用；应输入带副作用的运算符
     1>g:\srdp\水平单层介质\水平单层介质\水平单层介质\源.cpp(68): warning C4101: “X5”: 未引用的局部变量
     1>g:\srdp\水平单层介质\水平单层介质\水平单层介质\源.cpp(13): warning C4101: “d_angle”: 未引用的局部变量
     1>g:\srdp\水平单层介质\水平单层介质\水平单层介质\源.cpp(68): warning C4101: “X3”: 未引用的局部变量
     1>g:\srdp\水平单层介质\水平单层介质\水平单层介质\源.cpp(68): warning C4101: “t2”: 未引用的局部变量
     1>g:\srdp\水平单层介质\水平单层介质\水平单层介质\源.cpp(68): warning C4101: “t3”: 未引用的局部变量
     1>g:\srdp\水平单层介质\水平单层介质\水平单层介质\源.cpp(68): warning C4101: “X2”: 未引用的局部变量
     1>g:\srdp\水平单层介质\水平单层介质\水平单层介质\源.cpp(13): warning C4101: “d_x”: 未引用的局部变量
     1>g:\srdp\水平单层介质\水平单层介质\水平单层介质\源.cpp(68): warning C4101: “t5”: 未引用的局部变量
     1>g:\srdp\水平单层介质\水平单层介质\水平单层介质\源.cpp(12): warning C4101: “k”: 未引用的局部变量
     1>g:\srdp\水平单层介质\水平单层介质\水平单层介质\源.cpp(68): warning C4101: “t1”: 未引用的局部变量
     1>g:\srdp\水平单层介质\水平单层介质\水平单层介质\源.cpp(68): warning C4101: “X4”: 未引用的局部变量
     1>g:\srdp\水平单层介质\水平单层介质\水平单层介质\源.cpp(68): warning C4101: “t4”: 未引用的局部变量
     1>g:\srdp\水平单层介质\水平单层介质\水平单层介质\源.cpp(68): warning C4101: “t0”: 未引用的局部变量
     1>g:\srdp\水平单层介质\水平单层介质\水平单层介质\源.cpp(247): warning C4101: “d_z”: 未引用的局部变量
       Link:
         C:\Program Files (x86)\Microsoft Visual Studio 12.0\VC\bin\link.exe /ERRORREPORT:PROMPT /OUT:"G:\srdp\水平单层介质\水平单层介质\Debug\水平单层介质.exe" /INCREMENTAL /NOLOGO kernel32.lib user32.lib gdi32.lib winspool.lib comdlg32.lib advapi32.lib shell32.lib ole32.lib oleaut32.lib uuid.lib odbc32.lib odbccp32.lib /MANIFEST /MANIFESTUAC:"level='asInvoker' uiAccess='false'" /manifest:embed /DEBUG /PDB:"G:\srdp\水平单层介质\水平单层介质\Debug\水平单层介质.pdb" /HEAP:"10000000","10000000" /STACK:"10000000","10000000" /TLBID:1 /DYNAMICBASE /NXCOMPAT /IMPLIB:"G:\srdp\水平单层介质\水平单层介质\Debug\水平单层介质.lib" /MACHINE:X86 "Debug\源.obj"
         水平单层介质.vcxproj -> G:\srdp\水平单层介质\水平单层介质\Debug\水平单层介质.exe
     1>已完成生成项目“G:\srdp\水平单层介质\水平单层介质\水平单层介质\水平单层介质.vcxproj”(Build 个目标)的操作。

生成成功。

已用时间 00:00:01.51
