生成启动时间为 2018/11/17 22:34:01。
     1>项目“G:\srdp\水平单层介质\水平单层介质\水平单层介质\水平单层介质.vcxproj”在节点 2 上(Build 个目标)。
     1>ClCompile:
         C:\Program Files (x86)\Microsoft Visual Studio 12.0\VC\bin\CL.exe /c /ZI /nologo /W3 /WX- /sdl /Od /Oy- /D _CRT_SECURE_NO_WARNINGS /D _UNICODE /D UNICODE /Gm /EHsc /RTC1 /MDd /GS /fp:precise /Zc:wchar_t /Zc:forScope /Fo"Debug\\" /Fd"Debug\vc120.pdb" /Gd /TP /analyze- /errorReport:prompt "源.cpp"
         源.cpp
     1>g:\srdp\水平单层介质\水平单层介质\水平单层介质\源.cpp(157): warning C4244: “=”: 从“double”转换到“int”，可能丢失数据
     1>g:\srdp\水平单层介质\水平单层介质\水平单层介质\源.cpp(14): warning C4101: “d_angle”: 未引用的局部变量
     1>g:\srdp\水平单层介质\水平单层介质\水平单层介质\源.cpp(12): warning C4101: “fp”: 未引用的局部变量
     1>g:\srdp\水平单层介质\水平单层介质\水平单层介质\源.cpp(64): warning C4101: “t2”: 未引用的局部变量
     1>g:\srdp\水平单层介质\水平单层介质\水平单层介质\源.cpp(64): warning C4101: “t3”: 未引用的局部变量
     1>g:\srdp\水平单层介质\水平单层介质\水平单层介质\源.cpp(14): warning C4101: “d_x”: 未引用的局部变量
     1>g:\srdp\水平单层介质\水平单层介质\水平单层介质\源.cpp(118): warning C4101: “C”: 未引用的局部变量
     1>g:\srdp\水平单层介质\水平单层介质\水平单层介质\源.cpp(64): warning C4101: “t5”: 未引用的局部变量
     1>g:\srdp\水平单层介质\水平单层介质\水平单层介质\源.cpp(64): warning C4101: “t1”: 未引用的局部变量
     1>g:\srdp\水平单层介质\水平单层介质\水平单层介质\源.cpp(64): warning C4101: “t4”: 未引用的局部变量
     1>g:\srdp\水平单层介质\水平单层介质\水平单层介质\源.cpp(127): warning C4101: “X22”: 未引用的局部变量
     1>g:\srdp\水平单层介质\水平单层介质\水平单层介质\源.cpp(127): warning C4101: “X44”: 未引用的局部变量
     1>g:\srdp\水平单层介质\水平单层介质\水平单层介质\源.cpp(127): warning C4101: “X55”: 未引用的局部变量
     1>g:\srdp\水平单层介质\水平单层介质\水平单层介质\源.cpp(127): warning C4101: “X33”: 未引用的局部变量
     1>g:\srdp\水平单层介质\水平单层介质\水平单层介质\源.cpp(127): warning C4101: “X11”: 未引用的局部变量
       Link:
         C:\Program Files (x86)\Microsoft Visual Studio 12.0\VC\bin\link.exe /ERRORREPORT:PROMPT /OUT:"G:\srdp\水平单层介质\水平单层介质\Debug\水平单层介质.exe" /INCREMENTAL /NOLOGO kernel32.lib user32.lib gdi32.lib winspool.lib comdlg32.lib advapi32.lib shell32.lib ole32.lib oleaut32.lib uuid.lib odbc32.lib odbccp32.lib /MANIFEST /MANIFESTUAC:"level='asInvoker' uiAccess='false'" /manifest:embed /DEBUG /PDB:"G:\srdp\水平单层介质\水平单层介质\Debug\水平单层介质.pdb" /HEAP:"10000000","10000000" /STACK:"10000000","10000000" /TLBID:1 /DYNAMICBASE /NXCOMPAT /IMPLIB:"G:\srdp\水平单层介质\水平单层介质\Debug\水平单层介质.lib" /MACHINE:X86 "Debug\源.obj"
         水平单层介质.vcxproj -> G:\srdp\水平单层介质\水平单层介质\Debug\水平单层介质.exe
     1>已完成生成项目“G:\srdp\水平单层介质\水平单层介质\水平单层介质\水平单层介质.vcxproj”(Build 个目标)的操作。

生成成功。

已用时间 00:00:00.53
